usage: train.py [-h] [--algo {a2c,ddpg,dqn,ppo,sac,td3,ars,qrdqn,tqc,trpo}]
                [--env ENV] [-tb TENSORBOARD_LOG] [-i TRAINED_AGENT]
                [--truncate-last-trajectory TRUNCATE_LAST_TRAJECTORY]
                [-n N_TIMESTEPS] [--num-threads NUM_THREADS]
                [--log-interval LOG_INTERVAL] [--eval-freq EVAL_FREQ]
                [--optimization-log-path OPTIMIZATION_LOG_PATH]
                [--eval-episodes EVAL_EPISODES] [--n-eval-envs N_EVAL_ENVS]
                [--save-freq SAVE_FREQ] [--save-replay-buffer] [-f LOG_FOLDER]
                [--seed SEED] [--vec-env {dummy,subproc}] [--device DEVICE]
                [--n-trials N_TRIALS] [-optimize] [--no-optim-plots]
                [--n-jobs N_JOBS] [--sampler {random,tpe,skopt}]
                [--pruner {halving,median,none}]
                [--n-startup-trials N_STARTUP_TRIALS]
                [--n-evaluations N_EVALUATIONS] [--storage STORAGE]
                [--study-name STUDY_NAME] [--verbose VERBOSE]
                [--gym-packages GYM_PACKAGES [GYM_PACKAGES ...]]
                [--env-kwargs ENV_KWARGS [ENV_KWARGS ...]]
                [-params HYPERPARAMS [HYPERPARAMS ...]] [-uuid] [--track]
                [--wandb-project-name WANDB_PROJECT_NAME]
                [--wandb-entity WANDB_ENTITY]
train.py: error: argument --env: expected one argument
